
> next@14.1.3 build /Users/jh-e/Documents/dev/next/next-my-app/packages/next
> pnpm release


> next@14.1.3 release /Users/jh-e/Documents/dev/next/next-my-app/packages/next
> taskr release

[11:38:19] Running with /Users/jh-e/Documents/dev/next/next-my-app/packages/next/taskfile.js
[11:38:19] Starting release
[11:38:19] Starting build
[11:38:19] Starting precompile
[11:38:19] Starting browser_polyfills
[11:38:19] Starting next__polyfill_nomodule
[11:38:19] Starting next__polyfill_module
[11:38:19] Starting path_to_regexp
[11:38:19] Starting copy_ncced
[11:38:19] Starting copy_styled_jsx_assets
[11:38:19] Finished next__polyfill_nomodule in 53ms
[11:38:19] Finished path_to_regexp in 52ms
[11:38:19] Finished next__polyfill_module in 84ms
[11:38:19] Finished browser_polyfills in 85ms
[11:38:19] Finished copy_ncced in 154ms
[11:38:19] Finished copy_styled_jsx_assets in 154ms
[11:38:19] Finished precompile in 156ms
[11:38:19] Starting compile
[11:38:19] Starting next_compile
[11:38:19] Starting cli
[11:38:19] Starting bin
[11:38:19] Starting server
[11:38:19] Starting server_esm
[11:38:19] Starting api_esm
[11:38:19] Starting nextbuild
[11:38:19] Starting nextbuildjest
[11:38:19] Starting nextbuildstatic
[11:38:19] Starting nextbuildstatic_esm
[11:38:19] Starting nextbuild_esm
[11:38:19] Starting pages
[11:38:19] Starting pages_app
[11:38:19] Starting pages_error
[11:38:19] Starting pages_document
[11:38:19] Starting pages_esm
[11:38:19] Starting pages_app_esm
[11:38:19] Starting pages_error_esm
[11:38:19] Starting pages_document_esm
[11:38:19] Starting lib
[11:38:19] Starting lib_esm
[11:38:19] Starting client
[11:38:19] Starting client_esm
[11:38:19] Starting telemetry
[11:38:19] Starting trace
[11:38:19] Starting shared
[11:38:19] Starting shared_esm
[11:38:19] Starting shared_re_exported
[11:38:19] Starting shared_re_exported_esm
[11:38:19] Starting server_wasm
[11:38:19] Starting experimental_testmode
[11:38:19] Starting ncc_amp_optimizer
ncc: Version 0.34.0
ncc: Compiling file index.js into CJS
[11:38:20] Finished pages_app in 156ms
[11:38:20] Finished pages_document in 155ms
[11:38:20] Finished pages_error in 156ms
[11:38:20] Finished bin in 158ms
[11:38:20] Finished pages in 156ms
[11:38:20] Finished cli in 181ms
[11:38:20] Finished pages_app_esm in 185ms
[11:38:20] Finished pages_error_esm in 185ms
[11:38:20] Finished pages_document_esm in 185ms
[11:38:20] Finished pages_esm in 185ms
[11:38:20] Finished lib in 286ms
[11:38:20] Finished lib_esm in 305ms
[11:38:20] Finished nextbuildjest in 307ms
[11:38:20] Finished nextbuildstatic_esm in 307ms
[11:38:20] Finished trace in 305ms
[11:38:20] Finished telemetry in 306ms
[11:38:20] Finished nextbuildstatic in 307ms
[11:38:20] Finished experimental_testmode in 409ms
[11:38:20] Finished shared_re_exported in 423ms
[11:38:20] Finished api_esm in 427ms
[11:38:20] Finished shared in 481ms
[11:38:20] Finished shared_re_exported_esm in 480ms
[11:38:20] Finished shared_esm in 488ms
[11:38:20] Finished server_esm in 575ms
[11:38:20] Finished client_esm in 573ms
[11:38:20] Finished client in 573ms
[11:38:20] Finished server_wasm in 573ms
[11:38:20] Finished nextbuild in 579ms
[11:38:20] Finished nextbuild_esm in 579ms
[11:38:20] Finished server in 592ms
[11:38:20] Finished ncc_amp_optimizer in 1.13s
[11:38:20] Finished next_compile in 1.14s
[11:38:20] Starting next_bundle
[11:38:20] Starting next_bundle_app_turbo
[11:38:21] Starting next_bundle_app_prod
[11:38:21] Starting next_bundle_app_dev
[11:38:21] Starting next_bundle_app_turbo_experimental
[11:38:21] Starting next_bundle_app_prod_experimental
[11:38:21] Starting next_bundle_app_dev_experimental
[11:38:21] Starting next_bundle_pages_prod
[11:38:21] Starting next_bundle_pages_dev
[11:38:21] Starting next_bundle_pages_turbo
[11:38:21] Starting next_bundle_server
[11:38:23] Finished next_bundle_pages_prod in 2.32s
[11:38:23] Finished next_bundle_server in 2.32s
[11:38:23] Finished next_bundle_pages_turbo in 2.60s
[11:38:23] Finished next_bundle_pages_dev in 2.60s
[11:38:23] Finished next_bundle_app_prod_experimental in 2.81s
[11:38:23] Finished next_bundle_app_prod in 2.86s
[11:38:23] Finished next_bundle_app_turbo_experimental in 2.86s
[11:38:24] Finished next_bundle_app_turbo in 3.14s
[11:38:24] Finished next_bundle_app_dev in 3.04s
[11:38:24] Finished next_bundle_app_dev_experimental in 3.18s
[11:38:24] Finished next_bundle in 3.28s
[11:38:24] Starting ncc_react_refresh_utils
[11:38:24] Finished ncc_react_refresh_utils in 12ms
[11:38:24] Starting ncc_next__react_dev_overlay
ncc: Version 0.34.0
ncc: Compiling file middleware.js into CJS
ncc: Version 0.34.0
ncc: Compiling file middleware-turbopack.js into CJS
ncc: Version 0.34.0
ncc: Compiling file client.js into CJS
[11:38:25] Finished ncc_next__react_dev_overlay in 749ms
[11:38:25] Starting ncc_next_font
[11:38:25] Finished ncc_next_font in 42ms
[11:38:25] Starting capsize_metrics
[11:38:25] Finished capsize_metrics in 8ms
[11:38:25] Finished compile in 5.23s
[11:38:25] Starting generate_types

> next@14.1.3 types /Users/jh-e/Documents/dev/next/next-my-app/packages/next
> tsc --declaration --emitDeclarationOnly --stripInternal --declarationDir dist

[11:38:33] Finished generate_types in 8.81s
[11:38:33] Finished build in 14.19s
[11:38:33] Finished release in 14.20s
